<?xml version="1.0" encoding="UTF-8"?>
<testsuite name="command.RankTreeTest" tests="3" skipped="0" failures="0" errors="0" timestamp="2021-11-03T08:45:58" hostname="Wongs-iMac.local" time="0.132">
  <properties/>
  <testcase name="parentWithMoreThanOneChildren()" classname="command.RankTreeTest" time="0.004"/>
  <testcase name="runData()" classname="command.RankTreeTest" time="0.126"/>
  <testcase name="paperExample()" classname="command.RankTreeTest" time="0.001"/>
  <system-out><![CDATA[Rank 0: 0 - [1, 3, 4]
Rank 1: 1 - []
Rank 1: 3 - [2, 6]
Rank 1: 4 - [5]
Rank 2: 2 - []
Rank 2: 5 - []
Rank 2: 6 - [7, 8]
Rank 3: 7 - []
Rank 3: 8 - [9, 10]
Rank 4: 9 - []
Rank 4: 10 - []

Size: 402
Root: 11:43M7D32M with count 402
89 at rank 3 moved to rank 1
75 at rank 4 moved to rank 1
118 at rank 8 moved to rank 1
271 at rank 9 moved to rank 1
346 at rank 10 moved to rank 1
35 at rank 11 moved to rank 1
12 at rank 12 moved to rank 1
360 at rank 13 moved to rank 1
363 at rank 13 moved to rank 1
216 at rank 14 moved to rank 1
251 at rank 15 moved to rank 1
51 at rank 16 moved to rank 1
329 at rank 16 moved to rank 1
253 at rank 16 moved to rank 1
281 at rank 17 moved to rank 1
1 at rank 18 moved to rank 1
317 at rank 19 moved to rank 1
267 at rank 20 moved to rank 1
176 at rank 20 moved to rank 1
126 at rank 20 moved to rank 1
337 at rank 21 moved to rank 1
385 at rank 22 moved to rank 1
58 at rank 22 moved to rank 1
205 at rank 22 moved to rank 1
104 at rank 22 moved to rank 1
283 at rank 23 moved to rank 1
32 at rank 23 moved to rank 1
184 at rank 23 moved to rank 1
366 at rank 23 moved to rank 1
368 at rank 23 moved to rank 1
378 at rank 23 moved to rank 1
130 at rank 24 moved to rank 1
146 at rank 24 moved to rank 1
285 at rank 24 moved to rank 1
297 at rank 24 moved to rank 1
97 at rank 24 moved to rank 1
19 at rank 25 moved to rank 1
282 at rank 25 moved to rank 1
305 at rank 25 moved to rank 1
79 at rank 25 moved to rank 1
131 at rank 26 moved to rank 1
18 at rank 26 moved to rank 1
147 at rank 26 moved to rank 1
164 at rank 26 moved to rank 1
234 at rank 26 moved to rank 1
371 at rank 26 moved to rank 1
177 at rank 27 moved to rank 1
183 at rank 27 moved to rank 1
324 at rank 27 moved to rank 1
201 at rank 27 moved to rank 1
334 at rank 27 moved to rank 1
82 at rank 27 moved to rank 1
106 at rank 27 moved to rank 1
174 at rank 28 moved to rank 1
47 at rank 28 moved to rank 1
72 at rank 28 moved to rank 1
202 at rank 28 moved to rank 1
86 at rank 28 moved to rank 1
268 at rank 29 moved to rank 1
309 at rank 29 moved to rank 1
117 at rank 29 moved to rank 1
Rank 0: 150 - [1, 265, 266, 11, 267, 12, 268, 271, 17, 18, 19, 21, 278, 279, 25, 281, 282, 283, 285, 287, 288, 32, 289, 291, 35, 37, 297, 300, 46, 47, 305, 51, 308, 53, 309, 310, 56, 312, 58, 59, 316, 317, 62, 324, 70, 72, 329, 74, 75, 334, 79, 337, 82, 86, 89, 346, 91, 93, 97, 360, 104, 106, 107, 363, 366, 112, 368, 371, 372, 373, 117, 118, 119, 378, 126, 385, 386, 130, 131, 389, 143, 144, 145, 146, 147, 149, 155, 164, 174, 176, 177, 183, 184, 195, 197, 201, 202, 205, 207, 215, 216, 220, 222, 226, 230, 232, 234, 244, 248, 251, 252, 253, 254]
Rank 1: 386 - []
Rank 1: 389 - []
Rank 1: 265 - []
Rank 1: 266 - []
Rank 1: 11 - []
Rank 1: 143 - []
Rank 1: 144 - []
Rank 1: 17 - []
Rank 1: 145 - []
Rank 1: 21 - []
Rank 1: 149 - []
Rank 1: 278 - []
Rank 1: 279 - []
Rank 1: 25 - []
Rank 1: 155 - []
Rank 1: 287 - []
Rank 1: 288 - []
Rank 1: 289 - []
Rank 1: 291 - []
Rank 1: 37 - []
Rank 1: 300 - []
Rank 1: 46 - [160, 384, 2, 292, 136, 362, 203, 299, 304, 210, 20, 212, 247, 57, 313, 219, 188]
Rank 1: 308 - []
Rank 1: 53 - []
Rank 1: 310 - []
Rank 1: 56 - []
Rank 1: 312 - []
Rank 1: 59 - []
Rank 1: 316 - []
Rank 1: 62 - []
Rank 1: 195 - []
Rank 1: 197 - []
Rank 1: 70 - []
Rank 1: 74 - []
Rank 1: 207 - []
Rank 1: 215 - []
Rank 1: 91 - []
Rank 1: 220 - []
Rank 1: 93 - []
Rank 1: 222 - []
Rank 1: 226 - []
Rank 1: 230 - []
Rank 1: 232 - []
Rank 1: 107 - []
Rank 1: 112 - []
Rank 1: 244 - []
Rank 1: 372 - []
Rank 1: 373 - []
Rank 1: 119 - []
Rank 1: 248 - []
Rank 1: 252 - []
Rank 1: 254 - []
Rank 2: 384 - []
Rank 2: 2 - []
Rank 2: 136 - []
Rank 2: 20 - []
Rank 2: 160 - []
Rank 2: 292 - []
Rank 2: 299 - []
Rank 2: 304 - []
Rank 2: 57 - []
Rank 2: 313 - []
Rank 2: 188 - []
Rank 2: 203 - []
Rank 2: 210 - []
Rank 2: 212 - []
Rank 2: 219 - []
Rank 2: 362 - []
Rank 2: 247 - []
Rank 3: 89 - [114, 90, 330]
Rank 4: 330 - []
Rank 4: 75 - [38]
Rank 4: 90 - []
Rank 4: 114 - []
Rank 5: 38 - [256, 258, 122]
Rank 6: 256 - []
Rank 6: 258 - []
Rank 6: 122 - [347]
Rank 7: 347 - [227, 180, 277, 331, 238, 175]
Rank 8: 277 - [96, 321, 67, 36, 228, 165, 357, 262, 167, 231, 8, 264, 105, 10, 44, 274, 306, 340, 341, 55, 382]
Rank 8: 175 - []
Rank 8: 180 - []
Rank 8: 331 - []
Rank 8: 227 - []
Rank 8: 238 - []
Rank 8: 118 - [233, 189]
Rank 9: 262 - []
Rank 9: 8 - []
Rank 9: 264 - []
Rank 9: 10 - []
Rank 9: 271 - [336, 3, 355, 84, 100, 116, 351]
Rank 9: 274 - []
Rank 9: 36 - []
Rank 9: 165 - []
Rank 9: 167 - []
Rank 9: 44 - []
Rank 9: 306 - []
Rank 9: 55 - []
Rank 9: 189 - []
Rank 9: 321 - []
Rank 9: 67 - []
Rank 9: 340 - []
Rank 9: 341 - []
Rank 9: 96 - []
Rank 9: 228 - []
Rank 9: 357 - []
Rank 9: 231 - []
Rank 9: 105 - []
Rank 9: 233 - []
Rank 9: 382 - []
Rank 10: 3 - []
Rank 10: 336 - []
Rank 10: 84 - []
Rank 10: 346 - [199, 270]
Rank 10: 351 - []
Rank 10: 355 - []
Rank 10: 100 - []
Rank 10: 116 - []
Rank 11: 270 - []
Rank 11: 35 - [69, 293, 391, 168, 154, 395, 139, 172, 333, 61, 14, 159]
Rank 11: 199 - []
Rank 12: 391 - []
Rank 12: 395 - []
Rank 12: 139 - []
Rank 12: 12 - [284, 269]
Rank 12: 14 - []
Rank 12: 154 - []
Rank 12: 159 - []
Rank 12: 293 - []
Rank 12: 168 - []
Rank 12: 172 - []
Rank 12: 61 - []
Rank 12: 69 - []
Rank 12: 333 - []
Rank 13: 269 - []
Rank 13: 284 - []
Rank 13: 360 - [338, 7, 153, 26, 140, 13, 157]
Rank 13: 363 - [22, 318, 15]
Rank 14: 7 - []
Rank 14: 140 - []
Rank 14: 13 - []
Rank 14: 15 - []
Rank 14: 22 - []
Rank 14: 153 - []
Rank 14: 26 - []
Rank 14: 157 - []
Rank 14: 318 - []
Rank 14: 338 - []
Rank 14: 216 - [98, 259, 132, 358, 40, 138, 77, 141, 399, 374, 345, 63, 255]
Rank 15: 259 - []
Rank 15: 132 - []
Rank 15: 138 - []
Rank 15: 141 - []
Rank 15: 399 - []
Rank 15: 40 - []
Rank 15: 63 - []
Rank 15: 77 - []
Rank 15: 345 - []
Rank 15: 98 - []
Rank 15: 358 - []
Rank 15: 374 - []
Rank 15: 251 - [65, 66, 375, 152, 76, 111, 191, 223]
Rank 15: 255 - []
Rank 16: 152 - []
Rank 16: 51 - [322, 276, 343, 28, 108, 124, 397]
Rank 16: 191 - []
Rank 16: 65 - []
Rank 16: 66 - []
Rank 16: 329 - [49, 276, 343, 28, 108, 124, 397]
Rank 16: 76 - []
Rank 16: 223 - []
Rank 16: 111 - []
Rank 16: 375 - []
Rank 16: 253 - []
Rank 17: 397 - []
Rank 17: 276 - []
Rank 17: 281 - [400, 353, 5, 182, 137, 185, 314, 235, 123, 78]
Rank 17: 28 - []
Rank 17: 49 - []
Rank 17: 322 - []
Rank 17: 343 - []
Rank 17: 108 - []
Rank 17: 124 - []
Rank 18: 1 - [246]
Rank 18: 5 - []
Rank 18: 137 - []
Rank 18: 400 - []
Rank 18: 182 - []
Rank 18: 185 - []
Rank 18: 314 - []
Rank 18: 78 - []
Rank 18: 353 - []
Rank 18: 235 - []
Rank 18: 123 - []
Rank 19: 317 - [0, 261, 54, 217, 218, 204, 109]
Rank 19: 246 - []
Rank 20: 0 - []
Rank 20: 261 - [298, 394]
Rank 20: 267 - [43]
Rank 20: 176 - [326, 298]
Rank 20: 54 - []
Rank 20: 204 - [34, 6]
Rank 20: 217 - []
Rank 20: 218 - []
Rank 20: 109 - []
Rank 20: 126 - [68, 260, 213, 43]
Rank 21: 260 - []
Rank 21: 6 - []
Rank 21: 394 - []
Rank 21: 34 - []
Rank 21: 298 - []
Rank 21: 43 - [23, 295, 359, 186, 379, 349, 286]
Rank 21: 68 - []
Rank 21: 326 - []
Rank 21: 337 - [121, 171, 156]
Rank 21: 213 - []
Rank 22: 385 - [401, 249, 45, 302]
Rank 22: 23 - []
Rank 22: 156 - []
Rank 22: 286 - []
Rank 22: 295 - []
Rank 22: 171 - []
Rank 22: 58 - [102, 170, 315, 206, 142]
Rank 22: 186 - []
Rank 22: 205 - [192, 73, 173, 221]
Rank 22: 349 - []
Rank 22: 359 - []
Rank 22: 104 - [192, 134, 73, 173, 221, 30]
Rank 22: 121 - []
Rank 22: 379 - []
Rank 23: 134 - []
Rank 23: 142 - []
Rank 23: 401 - []
Rank 23: 283 - [52, 187]
Rank 23: 30 - []
Rank 23: 32 - [242, 196]
Rank 23: 170 - []
Rank 23: 45 - []
Rank 23: 173 - []
Rank 23: 302 - []
Rank 23: 184 - [294, 110, 303]
Rank 23: 315 - []
Rank 23: 192 - []
Rank 23: 73 - []
Rank 23: 206 - []
Rank 23: 221 - []
Rank 23: 102 - []
Rank 23: 366 - [352, 307, 52, 344]
Rank 23: 368 - [33, 161, 193, 388]
Rank 23: 249 - []
Rank 23: 378 - []
Rank 24: 130 - [369, 127]
Rank 24: 388 - []
Rank 24: 146 - [50, 179]
Rank 24: 285 - [113, 214, 39]
Rank 24: 33 - []
Rank 24: 161 - []
Rank 24: 294 - []
Rank 24: 297 - [320, 369, 4, 381]
Rank 24: 303 - []
Rank 24: 307 - []
Rank 24: 52 - []
Rank 24: 187 - [9, 332]
Rank 24: 193 - []
Rank 24: 196 - []
Rank 24: 344 - []
Rank 24: 352 - []
Rank 24: 97 - [273, 162, 115, 396, 381]
Rank 24: 110 - []
Rank 24: 242 - []
Rank 25: 4 - []
Rank 25: 9 - []
Rank 25: 396 - [48, 24]
Rank 25: 273 - []
Rank 25: 19 - []
Rank 25: 282 - [92]
Rank 25: 162 - []
Rank 25: 39 - []
Rank 25: 305 - [64, 236]
Rank 25: 50 - [211, 85, 94]
Rank 25: 179 - [64, 99, 236, 158]
Rank 25: 320 - []
Rank 25: 332 - []
Rank 25: 79 - [339]
Rank 25: 214 - [275, 229, 263]
Rank 25: 369 - [194, 41]
Rank 25: 113 - []
Rank 25: 115 - []
Rank 25: 381 - [290, 103, 236]
Rank 25: 127 - [41]
Rank 26: 131 - [128, 380, 319]
Rank 26: 263 - []
Rank 26: 18 - [80, 148, 71, 328, 364]
Rank 26: 147 - [88, 95]
Rank 26: 275 - []
Rank 26: 24 - []
Rank 26: 158 - []
Rank 26: 290 - []
Rank 26: 164 - [393, 95]
Rank 26: 41 - [16, 323, 125]
Rank 26: 48 - []
Rank 26: 64 - []
Rank 26: 194 - []
Rank 26: 339 - []
Rank 26: 211 - [120, 42, 348]
Rank 26: 85 - [198, 377, 60]
Rank 26: 92 - [257, 209, 325, 361]
Rank 26: 94 - []
Rank 26: 99 - []
Rank 26: 229 - []
Rank 26: 103 - [311, 301]
Rank 26: 234 - []
Rank 26: 236 - [208, 272]
Rank 26: 371 - [241, 390]
Rank 27: 128 - [243, 169, 367]
Rank 27: 257 - []
Rank 27: 390 - []
Rank 27: 393 - []
Rank 27: 16 - []
Rank 27: 272 - []
Rank 27: 148 - [354, 163, 376, 350, 398]
Rank 27: 42 - []
Rank 27: 301 - []
Rank 27: 177 - []
Rank 27: 183 - [225, 342, 383]
Rank 27: 311 - []
Rank 27: 60 - []
Rank 27: 319 - []
Rank 27: 323 - []
Rank 27: 324 - [83, 296, 280, 250, 31]
Rank 27: 325 - []
Rank 27: 198 - [240, 237]
Rank 27: 71 - []
Rank 27: 328 - []
Rank 27: 201 - []
Rank 27: 334 - [327]
Rank 27: 80 - []
Rank 27: 208 - []
Rank 27: 209 - []
Rank 27: 82 - [101, 181, 280, 239]
Rank 27: 88 - []
Rank 27: 348 - []
Rank 27: 95 - [81, 245, 87]
Rank 27: 361 - []
Rank 27: 106 - []
Rank 27: 364 - []
Rank 27: 241 - []
Rank 27: 120 - []
Rank 27: 377 - []
Rank 27: 380 - []
Rank 27: 125 - []
Rank 28: 398 - []
Rank 28: 280 - []
Rank 28: 31 - [133, 200]
Rank 28: 163 - []
Rank 28: 296 - []
Rank 28: 169 - []
Rank 28: 174 - []
Rank 28: 47 - [166, 365, 29]
Rank 28: 181 - [387, 27, 335]
Rank 28: 327 - []
Rank 28: 72 - [133, 190]
Rank 28: 202 - []
Rank 28: 81 - [392]
Rank 28: 83 - []
Rank 28: 86 - []
Rank 28: 342 - []
Rank 28: 87 - []
Rank 28: 350 - []
Rank 28: 225 - []
Rank 28: 354 - []
Rank 28: 101 - [129, 178]
Rank 28: 237 - []
Rank 28: 239 - [129, 178, 356]
Rank 28: 367 - []
Rank 28: 240 - []
Rank 28: 243 - []
Rank 28: 245 - [224]
Rank 28: 376 - []
Rank 28: 250 - []
Rank 28: 383 - []
Rank 29: 129 - []
Rank 29: 387 - []
Rank 29: 133 - []
Rank 29: 392 - []
Rank 29: 268 - [370, 135, 151]
Rank 29: 27 - []
Rank 29: 29 - []
Rank 29: 166 - []
Rank 29: 178 - []
Rank 29: 309 - []
Rank 29: 190 - []
Rank 29: 200 - []
Rank 29: 335 - []
Rank 29: 224 - []
Rank 29: 356 - []
Rank 29: 365 - []
Rank 29: 117 - []
Rank 30: 135 - []
Rank 30: 151 - []
Rank 30: 370 - []

]]></system-out>
  <system-err><![CDATA[]]></system-err>
</testsuite>
