<?xml version="1.0" encoding="UTF-8"?>
<testsuite name="command.RankTreeTest" tests="2" skipped="0" failures="0" errors="0" timestamp="2021-11-03T18:06:27" hostname="Wongs-iMac.local" time="0.006">
  <properties/>
  <testcase name="parentWithMoreThanOneChildren()" classname="command.RankTreeTest" time="0.005"/>
  <testcase name="paperExample()" classname="command.RankTreeTest" time="0.001"/>
  <system-out><![CDATA[Rank 0: 0 - [1, 3, 4]
Rank 1: 1 - []
Rank 1: 3 - [2, 6]
Rank 1: 4 - [5]
Rank 2: 2 - []
Rank 2: 5 - []
Rank 2: 6 - [7, 8]
Rank 3: 7 - []
Rank 3: 8 - [9, 10]
Rank 4: 9 - []
Rank 4: 10 - []

]]></system-out>
  <system-err><![CDATA[]]></system-err>
</testsuite>
