<?xml version="1.0" encoding="UTF-8"?>
<testsuite name="model.LogTest" tests="1" skipped="0" failures="0" errors="0" timestamp="2021-10-26T05:10:14" hostname="Wongs-iMac.local" time="0.013">
  <properties/>
  <testcase name="test()" classname="model.LogTest" time="0.013"/>
  <system-out><![CDATA[]]></system-out>
  <system-err><![CDATA[]]></system-err>
</testsuite>
