<?xml version="1.0" encoding="UTF-8"?>
<testsuite name="model.UfdsTest" tests="2" skipped="0" failures="0" errors="0" timestamp="2021-10-25T13:26:15" hostname="Wongs-iMac.local" time="0.015">
  <properties/>
  <testcase name="update()" classname="model.UfdsTest" time="0.014"/>
  <testcase name="getSets()" classname="model.UfdsTest" time="0.0"/>
  <system-out><![CDATA[]]></system-out>
  <system-err><![CDATA[]]></system-err>
</testsuite>
