<?xml version="1.0" encoding="UTF-8"?>
<testsuite name="command.FindCandidatesTest" tests="1" skipped="0" failures="0" errors="0" timestamp="2021-10-27T11:45:52" hostname="Wongs-iMac.local" time="0.001">
  <properties/>
  <testcase name="test()" classname="command.FindCandidatesTest" time="0.001"/>
  <system-out><![CDATA[]]></system-out>
  <system-err><![CDATA[]]></system-err>
</testsuite>
