<?xml version="1.0" encoding="UTF-8"?>
<testsuite name="command.RankTreeTest" tests="2" skipped="0" failures="0" errors="0" timestamp="2021-10-27T11:45:52" hostname="Wongs-iMac.local" time="0.003">
  <properties/>
  <testcase name="parentWithMoreThanOneChildren()" classname="command.RankTreeTest" time="0.001"/>
  <testcase name="paperExample()" classname="command.RankTreeTest" time="0.001"/>
  <system-out><![CDATA[]]></system-out>
  <system-err><![CDATA[]]></system-err>
</testsuite>
